79 [3020] INFO perfrun.launcher <> - Launcher main begin
85 [3020] INFO perfrun.launcher <> - MessageCatalogInit finished
85 [3020] INFO perfrun.launcher <> - Launcher instance created
85 [3020] INFO perfrun.launcher <> - argc = 7; cmdline = C:\Program Files (x86)\Intel\oneAPI\vtune\2024.0\bin64\amplxe-runss.exe --ui-output-format xml --ui-output-fd 984 --option-file D:\学期(2%5)2024 spring\research\RITNET\RITnet-master\RITnet\r004ps\config\runss.options 
99 [3020] INFO perfrun.launcher <> - New signal handler callback was added
200 [3020] INFO perfrun.launcher <> - create msngr2::ICliToolContext
201 [3020] INFO perfrun.launcher <> - create file finder object
201 [3020] INFO perfrun.launcher <> - create a result directory: pattern = D:\学期(2%5)2024 spring\research\RITNET\RITnet-master\RITnet\r004ps pid = 4294967295
204 [3020] INFO perfrun.launcher <> - create data directory = D:\学期(2%5)2024 spring\research\RITNET\RITnet-master\RITnet\r004ps\data.0
205 [3020] INFO perfrun.launcher <> - Creating the master collection flag
212 [3020] INFO perfrun.launcher <> - Done creating the master collection flag
212 [19060] INFO perfrun.launcher <> - plugin [remoteplug] was disabled because it doesn't support the given collection type.
213 [19060] INFO perfrun.sdk <> - Allocating TMU :D:\学期(2%5)2024 spring\research\RITNET\RITnet-master\RITnet\r004ps\data.0\systemcollector-14096-LAPTOP-V2IPVNHJ.sc
213 [19060] INFO perfrun.launcher <> - plugin [] was disabled because it doesn't support the given collection type.
215 [19060] INFO perfrun.launcher <> - plugin [] was disabled because it doesn't support the given collection type.
216 [19060] INFO perfrun.launcher <> - plugin [gpu] was disabled because it doesn't support the given collection type.
216 [19060] INFO perfrun.launcher <> - plugin [etw.kernel] was disabled because it doesn't support the given collection type.
216 [19060] INFO perfrun.launcher <> - plugin [etw.dx] was disabled because it doesn't support the given collection type.
216 [19060] INFO perfrun.launcher <> - plugin [etw.wsa] was disabled because it doesn't support the given collection type.
216 [19060] INFO perfrun.mrte <> - system-wide mode is 0
216 [19060] INFO perfrun.mrte <> - Getting  mrte profiling environment ...
263 [19060] INFO perfrun.mrte <> - INTEL_MRTE_DATA_DIR=D:\学期(2%5)2024 spring\research\RITNET\RITnet-master\RITnet\r004ps\data.0
263 [19060] INFO perfrun.mrte <> - INTEL_MRTE_HOST_NAME=LAPTOP-V2IPVNHJ
263 [19060] INFO perfrun.mrte <> - JAVA_TOOL_OPTIONS=-agentlib:amplxe_tpssmrte_javaprof_1.0
263 [19060] INFO perfrun.mrte <> - PATH=C:\Program Files (x86)\Intel\oneAPI\vtune\2024.0\bin32\runtime;C:\Program Files (x86)\Intel\oneAPI\vtune\2024.0\bin64\runtime;C:\Program Files\NVIDIA GPU Computing Toolkit\CUDA\v12.3\bin;C:\Program Files\NVIDIA GPU Computing Toolkit\CUDA\v12.3\libnvvp;C:\Program Files\Common Files\Oracle\Java\javapath;C:\Windows\system32;C:\Windows;C:\Windows\System32\Wbem;C:\Windows\System32\WindowsPowerShell\v1.0\;C:\Windows\System32\OpenSSH\;C:\Program Files (x86)\NVIDIA Corporation\PhysX\Common;C:\Program Files\NVIDIA Corporation\NVIDIA NvDLISR;C:\Program Files\Git\cmd;C:\Program Files\dotnet\;C:\Program Files (x86)\Calibre2\;C:\Users\mugezhang\Desktop\2023fall\mongodb developer\mongosh-1.5.4-win32-x64\mongosh-1.5.4-win32-x64\bin;C:\Program Files\MongoDB\Server\6.0\bin;C:\Program Files\Java\jdk-17.0.5\bin;C:\ProgramData\chocolatey\bin;C:\Program Files\Microsoft SQL Server\150\Tools\Binn\;C:\MinGW\bin;C:\Program Files (x86)\AOMEI\AOMEI Backupper\6.10.0;"D:\0_my_code\testing\Android SDK\platform-tools; D:\0_my_code\testing\Android SDK\tools;";C:\Users\mugezhang\AppData\Roaming\nvm;C:\Program Files\nodejs;D:\0_my_code\backend\cangqiong_delivery\微信web开发者工具\dll;C:\Program Files\NVIDIA Corporation\Nsight Compute 2023.3.1\;C:\ProgramData\Microsoft\Windows\Start Menu\Programs\NVIDIA Corporation\CUDA Toolkit\v12.3\bin;C:\ProgramData\Microsoft\Windows\Start Menu\Programs\NVIDIA Corporation\CUDA Toolkit\v12.3\libnvvp;C:\ProgramData\Microsoft\Windows\Start Menu\Programs\NVIDIA Corporation\CUDA Toolkit\v12.3\extras\CUPTI\lib64;C:\Users\mugezhang\AppData\Local\Programs\Python\Python310\Scripts\;C:\Users\mugezhang\AppData\Local\Programs\Python\Python310\;C:\Users\mugezhang\AppData\Local\Programs\Python\Python39\Scripts\;C:\Users\mugezhang\AppData\Local\Programs\Python\Python39\;C:\Users\mugezhang\AppData\Local\Microsoft\WindowsApps;C:\Users\mugezhang\AppData\Local\atom\bin;C:\Program Files\MongoDB\Server\6.0\bin;C:\Users\mugezhang\Desktop\2023fall\mongodb_developer\M121\mongosh-1.6.0-win32-x64\mongosh-1.6.0-win32-x64\bin;D:\Microsoft VS Code\bin;C:\Users\mugezhang\.dotnet\tools;D:\IntelliJ IDEA 2023.2.3\bin;;C:\Users\mugezhang\AppData\Roaming\npm;D:\intellij IDEA\IntelliJ IDEA Community Edition 2023.2.5\bin;;C:\Users\mugezhang\AppData\Roaming\nvm;C:\Program Files\nodejs
263 [19060] INFO perfrun.mrte <> - COR_ENABLE_PROFILING=1
263 [19060] INFO perfrun.mrte <> - COR_PROFILER={AA5E4821-E3B1-479c-B7FF-5AD047D22CED}
263 [19060] INFO perfrun.mrte <> - COMPLUS_ProfAPI_ProfilerCompatibilitySetting=EnableV2Profiler
263 [19060] INFO perfrun.mrte <> - CORECLR_ENABLE_PROFILING=1
263 [19060] INFO perfrun.mrte <> - CORECLR_PROFILER={AA5E4821-E3B1-479c-B7FF-5AD047D22CED}
263 [19060] INFO perfrun.mrte <> - CORECLR_PROFILER_PATH=C:\Program Files (x86)\Intel\oneAPI\vtune\2024.0\bin64/amplxe_samplingmrte_clrprof_1.0.dll
263 [19060] INFO perfrun.mrte <> - INTEL_MRTE_PROFILER_MODE=mixed
263 [19060] INFO perfrun.mrte <> - Data directory: D:\学期(2%5)2024 spring\research\RITNET\RITnet-master\RITnet\r004ps\data.0
263 [19060] INFO perfrun.mrte <> - Mrte plugin is initialized
263 [19060] INFO perfrun.launcher <> - plugin [emon] was disabled because it doesn't support the given collection type.
263 [19060] INFO perfrun.launcher <> - plugin [cuscol] was disabled because it doesn't support the given collection type.
263 [19060] INFO perfrun.launcher <> - plugin [stdsrc] was disabled because it doesn't support the given collection type.
263 [19060] INFO perfrun.launcher <> - plugin [sep] was disabled because it doesn't support the given collection type.
263 [19060] INFO perfrun.launcher <> - plugin [vtsspp] was disabled because it doesn't support the given collection type.
263 [19060] INFO perfrun.launcher <> - plugin [] was disabled because it doesn't support the given collection type.
263 [19060] INFO perfrun.launcher <> - plugin [aoclprofile] was disabled because it doesn't support the given collection type.
263 [19060] INFO perfrun.tpss <> - initialize tpss controller
263 [19060] INFO perfrun.tpss <> - configure collection mode: value = cpu:counters:nostack
263 [19060] INFO perfrun.tpss <> - configure collection mode: value = cpu:nostack
263 [19060] INFO perfrun.tpss <> - default obj-size-min=1024
263 [19060] INFO perfrun.tpss <> - default hash-table-size=0
264 [19060] INFO perfrun.launcher <> - plugin [] was disabled because it doesn't support the given collection type.
264 [19060] INFO perfrun.launcher <> - plugin [] was disabled because it doesn't support the given collection type.
264 [19060] INFO perfrun.launcher <> - plugin [] was disabled because it doesn't support the given collection type.
264 [19060] INFO perfrun.launcher <> - plugin [] was disabled because it doesn't support the given collection type.
264 [19060] INFO perfrun.launcher <> - plugin [power] was disabled because it doesn't support the given collection type.
264 [19060] INFO perfrun.launcher <> - plugin [] was disabled because it doesn't support the given collection type.
264 [19060] INFO perfrun.launcher <> - plugin [ipmwatch] was disabled because it doesn't support the given collection type.
264 [19060] INFO perfrun.launcher <> - plugin [os_counters] was disabled because it doesn't support the given collection type.
264 [19060] INFO perfrun.launcher <> - plugin [l0_metrics] was disabled because it doesn't support the given collection type.
264 [3020] INFO perfrun.launcher <> - set environment variable: PATH = C:\Program Files (x86)\Intel\oneAPI\vtune\2024.0\bin32\runtime;C:\Program Files (x86)\Intel\oneAPI\vtune\2024.0\bin64\runtime;C:\Program Files\NVIDIA GPU Computing Toolkit\CUDA\v12.3\bin;C:\Program Files\NVIDIA GPU Computing Toolkit\CUDA\v12.3\libnvvp;C:\Program Files\Common Files\Oracle\Java\javapath;C:\Windows\system32;C:\Windows;C:\Windows\System32\Wbem;C:\Windows\System32\WindowsPowerShell\v1.0\;C:\Windows\System32\OpenSSH\;C:\Program Files (x86)\NVIDIA Corporation\PhysX\Common;C:\Program Files\NVIDIA Corporation\NVIDIA NvDLISR;C:\Program Files\Git\cmd;C:\Program Files\dotnet\;C:\Program Files (x86)\Calibre2\;C:\Users\mugezhang\Desktop\2023fall\mongodb developer\mongosh-1.5.4-win32-x64\mongosh-1.5.4-win32-x64\bin;C:\Program Files\MongoDB\Server\6.0\bin;C:\Program Files\Java\jdk-17.0.5\bin;C:\ProgramData\chocolatey\bin;C:\Program Files\Microsoft SQL Server\150\Tools\Binn\;C:\MinGW\bin;C:\Program Files (x86)\AOMEI\AOMEI Backupper\6.10.0;"D:\0_my_code\testing\Android SDK\platform-tools; D:\0_my_code\testing\Android SDK\tools;";C:\Users\mugezhang\AppData\Roaming\nvm;C:\Program Files\nodejs;D:\0_my_code\backend\cangqiong_delivery\微信web开发者工具\dll;C:\Program Files\NVIDIA Corporation\Nsight Compute 2023.3.1\;C:\ProgramData\Microsoft\Windows\Start Menu\Programs\NVIDIA Corporation\CUDA Toolkit\v12.3\bin;C:\ProgramData\Microsoft\Windows\Start Menu\Programs\NVIDIA Corporation\CUDA Toolkit\v12.3\libnvvp;C:\ProgramData\Microsoft\Windows\Start Menu\Programs\NVIDIA Corporation\CUDA Toolkit\v12.3\extras\CUPTI\lib64;C:\Users\mugezhang\AppData\Local\Programs\Python\Python310\Scripts\;C:\Users\mugezhang\AppData\Local\Programs\Python\Python310\;C:\Users\mugezhang\AppData\Local\Programs\Python\Python39\Scripts\;C:\Users\mugezhang\AppData\Local\Programs\Python\Python39\;C:\Users\mugezhang\AppData\Local\Microsoft\WindowsApps;C:\Users\mugezhang\AppData\Local\atom\bin;C:\Program Files\MongoDB\Server\6.0\bin;C:\Users\mugezhang\Desktop\2023fall\mongodb_developer\M121\mongosh-1.6.0-win32-x64\mongosh-1.6.0-win32-x64\bin;D:\Microsoft VS Code\bin;C:\Users\mugezhang\.dotnet\tools;D:\IntelliJ IDEA 2023.2.3\bin;;C:\Users\mugezhang\AppData\Roaming\npm;D:\intellij IDEA\IntelliJ IDEA Community Edition 2023.2.5\bin;;C:\Users\mugezhang\AppData\Roaming\nvm;C:\Program Files\nodejs
264 [3020] INFO perfrun.launcher <> - set environment variable: INTEL_LIBITTNOTIFY32 = C:\Program Files (x86)\Intel\oneAPI\vtune\2024.0\bin32\runtime\ittnotify_collector.dll
264 [3020] INFO perfrun.launcher <> - set environment variable: INTEL_LIBITTNOTIFY64 = C:\Program Files (x86)\Intel\oneAPI\vtune\2024.0\bin64\runtime\ittnotify_collector.dll
264 [3020] INFO perfrun.launcher <> - set environment variable: INTEL_ITTNOTIFY_GROUPS = 
264 [3020] INFO perfrun.launcher <> - set environment variable: INTEL_JIT_PROFILER32 = C:\Program Files (x86)\Intel\oneAPI\vtune\2024.0\bin32\runtime\ittnotify_collector.dll
264 [3020] INFO perfrun.launcher <> - set environment variable: INTEL_JIT_PROFILER64 = C:\Program Files (x86)\Intel\oneAPI\vtune\2024.0\bin64\runtime\ittnotify_collector.dll
264 [3020] INFO perfrun.launcher <> - set environment variable: ENABLE_JITPROFILING = 1
264 [3020] INFO perfrun.launcher <> - set environment variable: CL_CONFIG_USE_VTUNE = True
264 [3020] INFO perfrun.launcher <> - set environment variable: KMP_FORKJOIN_FRAMES = 0
264 [3020] INFO perfrun.launcher <> - set environment variable: KMP_FORKJOIN_FRAMES_MODE = 0
264 [3020] INFO perfrun.launcher <> - set environment variable: INTEL_MRTE_DATA_DIR = D:\学期(2%5)2024 spring\research\RITNET\RITnet-master\RITnet\r004ps\data.0
264 [3020] INFO perfrun.launcher <> - set environment variable: INTEL_MRTE_HOST_NAME = LAPTOP-V2IPVNHJ
264 [3020] INFO perfrun.launcher <> - set environment variable: JAVA_TOOL_OPTIONS = -agentlib:amplxe_tpssmrte_javaprof_1.0
265 [3020] INFO perfrun.launcher <> - set environment variable: PATH = C:\Program Files (x86)\Intel\oneAPI\vtune\2024.0\bin32\runtime;C:\Program Files (x86)\Intel\oneAPI\vtune\2024.0\bin64\runtime;C:\Program Files\NVIDIA GPU Computing Toolkit\CUDA\v12.3\bin;C:\Program Files\NVIDIA GPU Computing Toolkit\CUDA\v12.3\libnvvp;C:\Program Files\Common Files\Oracle\Java\javapath;C:\Windows\system32;C:\Windows;C:\Windows\System32\Wbem;C:\Windows\System32\WindowsPowerShell\v1.0\;C:\Windows\System32\OpenSSH\;C:\Program Files (x86)\NVIDIA Corporation\PhysX\Common;C:\Program Files\NVIDIA Corporation\NVIDIA NvDLISR;C:\Program Files\Git\cmd;C:\Program Files\dotnet\;C:\Program Files (x86)\Calibre2\;C:\Users\mugezhang\Desktop\2023fall\mongodb developer\mongosh-1.5.4-win32-x64\mongosh-1.5.4-win32-x64\bin;C:\Program Files\MongoDB\Server\6.0\bin;C:\Program Files\Java\jdk-17.0.5\bin;C:\ProgramData\chocolatey\bin;C:\Program Files\Microsoft SQL Server\150\Tools\Binn\;C:\MinGW\bin;C:\Program Files (x86)\AOMEI\AOMEI Backupper\6.10.0;"D:\0_my_code\testing\Android SDK\platform-tools; D:\0_my_code\testing\Android SDK\tools;";C:\Users\mugezhang\AppData\Roaming\nvm;C:\Program Files\nodejs;D:\0_my_code\backend\cangqiong_delivery\微信web开发者工具\dll;C:\Program Files\NVIDIA Corporation\Nsight Compute 2023.3.1\;C:\ProgramData\Microsoft\Windows\Start Menu\Programs\NVIDIA Corporation\CUDA Toolkit\v12.3\bin;C:\ProgramData\Microsoft\Windows\Start Menu\Programs\NVIDIA Corporation\CUDA Toolkit\v12.3\libnvvp;C:\ProgramData\Microsoft\Windows\Start Menu\Programs\NVIDIA Corporation\CUDA Toolkit\v12.3\extras\CUPTI\lib64;C:\Users\mugezhang\AppData\Local\Programs\Python\Python310\Scripts\;C:\Users\mugezhang\AppData\Local\Programs\Python\Python310\;C:\Users\mugezhang\AppData\Local\Programs\Python\Python39\Scripts\;C:\Users\mugezhang\AppData\Local\Programs\Python\Python39\;C:\Users\mugezhang\AppData\Local\Microsoft\WindowsApps;C:\Users\mugezhang\AppData\Local\atom\bin;C:\Program Files\MongoDB\Server\6.0\bin;C:\Users\mugezhang\Desktop\2023fall\mongodb_developer\M121\mongosh-1.6.0-win32-x64\mongosh-1.6.0-win32-x64\bin;D:\Microsoft VS Code\bin;C:\Users\mugezhang\.dotnet\tools;D:\IntelliJ IDEA 2023.2.3\bin;;C:\Users\mugezhang\AppData\Roaming\npm;D:\intellij IDEA\IntelliJ IDEA Community Edition 2023.2.5\bin;;C:\Users\mugezhang\AppData\Roaming\nvm;C:\Program Files\nodejs
265 [3020] INFO perfrun.launcher <> - set environment variable: COR_ENABLE_PROFILING = 1
265 [3020] INFO perfrun.launcher <> - set environment variable: COR_PROFILER = {AA5E4821-E3B1-479c-B7FF-5AD047D22CED}
265 [3020] INFO perfrun.launcher <> - set environment variable: COMPLUS_ProfAPI_ProfilerCompatibilitySetting = EnableV2Profiler
265 [3020] INFO perfrun.launcher <> - set environment variable: CORECLR_ENABLE_PROFILING = 1
265 [3020] INFO perfrun.launcher <> - set environment variable: CORECLR_PROFILER = {AA5E4821-E3B1-479c-B7FF-5AD047D22CED}
265 [3020] INFO perfrun.launcher <> - set environment variable: CORECLR_PROFILER_PATH = C:\Program Files (x86)\Intel\oneAPI\vtune\2024.0\bin64/amplxe_samplingmrte_clrprof_1.0.dll
265 [3020] INFO perfrun.launcher <> - set environment variable: INTEL_MRTE_PROFILER_MODE = mixed
265 [3020] INFO perfrun.launcher <> - RpcServer: run RPC server to handle requests
269 [3020] INFO perfrun.sdk <> - IProcessUtil: the given executable 'C:\Users\mugezhang\AppData\Local\Programs\Python\Python39\python.exe' is valid.
270 [3020] INFO perfrun.launcher <> - Launcher: command line to start before modification = C:\Users\mugezhang\AppData\Local\Programs\Python\Python39\python.exe D:\学期(2%5)2024 spring\research\RITNET\RITnet-master\train.py
272 [3020] INFO perfrun.launcher <> - Launcher: command line to start after modification = C:\Program Files (x86)\Intel\oneAPI\vtune\2024.0\bin64\pin.exe -error_file D:\学期(2%5)2024 spring\research\RITNET\RITnet-master\RITnet\r004ps\data.0\pinerr.tpsslog -detach_reattach -probe -follow_execv -p32 C:\Program Files (x86)\Intel\oneAPI\vtune\2024.0\bin32\pin.exe -p64 C:\Program Files (x86)\Intel\oneAPI\vtune\2024.0\bin64\pin.exe -t64 C:\Program Files (x86)\Intel\oneAPI\vtune\2024.0\bin64\tpsstool.dll -t C:\Program Files (x86)\Intel\oneAPI\vtune\2024.0\bin32\tpsstool.dll -server_name tpss_ipc.14096 -prd_dir C:\Program Files (x86)\Intel\oneAPI\vtune\2024.0 -- C:\Users\mugezhang\AppData\Local\Programs\Python\Python39\python.exe D:\学期(2%5)2024 spring\research\RITNET\RITnet-master\train.py
272 [3020] INFO perfrun.launcher <> - ProcessCreator object was created
275 [3020] INFO perfrun.launcher <> - Launcher: the process was started in suspend mode
275 [19060] INFO perfrun.itt <> - pause itt controller
275 [19060] WARN perfrun.launcher <> - Messenger::say: Pause command is not supported for managed code profiling. Runtime overhead is still possible. Data size limit may be exceeded.
275 [19060] INFO perfrun.tpss <> - pause tpss controller
275 [19060] INFO perfrun.itt <> - start itt controller for pid #3528
276 [19060] INFO perfrun.tpss <> - start tpss controller for pid #3528
335 [3020] INFO perfrun.launcher <> - Launcher: all plugins were started
336 [3020] INFO perfrun.launcher <> - DirectoryMonitor object was created
336 [3020] INFO perfrun.launcher <> - DirectoryMonitor: a callback was added
336 [3020] INFO perfrun.launcher <> - DirectoryMonitor was started with pingTime = 1000
336 [3020] INFO perfrun.launcher <> - DeadlineTimer is going to be constructed
336 [3020] INFO perfrun.launcher <> - DeadlineTimer: a callback was added
345 [3020] INFO perfrun.launcher <> - Launcher: resume the profiled application and  wait its termination or stop command
8986 [19060] INFO perfrun.itt <> - resume itt controller
8986 [19060] INFO perfrun.tpss <> - resume tpss controller
13052 [3020] WARN perfrun.sdk <> - Unexpected exit status - 1, at file: vcs\perfrun1\sdk\src\utils_win.cpp:541
13052 [3020] INFO perfrun.launcher <> - Launcher: the profiled application was terminated  with exit code = 1
13069 [19060] INFO perfrun.itt <> - detach itt controller
13069 [19060] INFO perfrun.itt <> - detach itt controller done
13069 [19060] INFO perfrun.tpss <> - stop tpss controller
13070 [19060] INFO perfrun.sdk <> - De-allocating TMU: D:\学期(2%5)2024 spring\research\RITNET\RITnet-master\RITnet\r004ps\data.0\systemcollector-14096-LAPTOP-V2IPVNHJ.sc
13089 [19060] INFO perfrun.system <> - closed the system trace file: D:\学期(2%5)2024 spring\research\RITNET\RITnet-master\RITnet\r004ps\data.0\systemcollector-14096-LAPTOP-V2IPVNHJ.sc
13090 [3020] INFO perfrun.launcher <> - Launcher: all plugins were stopped.
13090 [3020] INFO perfrun.launcher <> - DeadlineTimer is going to be destroyed
13090 [3020] INFO perfrun.launcher <> - DeadlineTimer was destroyed
13090 [3020] INFO perfrun.launcher <> - DirectoryMonitor object was destroyed
13090 [3020] WARN perfrun.launcher <> - Stop command is ignored because it is received when collection is already stopped, at file: vcs\perfrun1\launcher\src\command_handler.cpp:226
13092 [3020] INFO perfrun.launcher <> - Application exit code: 1
13092 [3020] INFO perfrun.launcher <> - Exit code: 4
